<?xml version="1.0" encoding="UTF-8"?>
<testng-results skipped="0" failed="0" ignored="0" total="4" passed="4">
  <reporter-output>
  </reporter-output>
  <suite name="All Test Suite" duration-ms="40509" started-at="2022-11-29T12:42:41 EET" finished-at="2022-11-29T12:43:21 EET">
    <groups>
    </groups>
    <test name="/Users/dmytrotsaruk/Documents/MevProjects/PetStoreAutomation" duration-ms="40509" started-at="2022-11-29T12:42:41 EET" finished-at="2022-11-29T12:43:21 EET">
      <class name="api.test.UserTests2">
        <test-method status="PASS" signature="setup()[pri:0, instance:api.test.UserTests2@77167fb7]" name="setup" is-config="true" duration-ms="6080" started-at="2022-11-29T12:42:41 EET" finished-at="2022-11-29T12:42:47 EET">
          <reporter-output>
          </reporter-output>
        </test-method> <!-- setup -->
        <test-method status="PASS" signature="testPostUser()[pri:0, instance:api.test.UserTests2@77167fb7]" name="testPostUser" duration-ms="14135" started-at="2022-11-29T12:42:47 EET" finished-at="2022-11-29T12:43:02 EET">
          <reporter-output>
          </reporter-output>
        </test-method> <!-- testPostUser -->
        <test-method status="PASS" signature="testGetUserByName()[pri:0, instance:api.test.UserTests2@77167fb7]" name="testGetUserByName" duration-ms="6279" started-at="2022-11-29T12:43:02 EET" depends-on-methods="api.test.UserTests2.testPostUser" finished-at="2022-11-29T12:43:08 EET">
          <reporter-output>
          </reporter-output>
        </test-method> <!-- testGetUserByName -->
        <test-method status="PASS" signature="testUpdateUserByName()[pri:0, instance:api.test.UserTests2@77167fb7]" name="testUpdateUserByName" duration-ms="7477" started-at="2022-11-29T12:43:08 EET" depends-on-methods="api.test.UserTests2.testGetUserByName" finished-at="2022-11-29T12:43:15 EET">
          <reporter-output>
          </reporter-output>
        </test-method> <!-- testUpdateUserByName -->
        <test-method status="PASS" signature="testDeleteUserByName()[pri:0, instance:api.test.UserTests2@77167fb7]" name="testDeleteUserByName" duration-ms="6033" started-at="2022-11-29T12:43:15 EET" depends-on-methods="api.test.UserTests2.testUpdateUserByName" finished-at="2022-11-29T12:43:21 EET">
          <reporter-output>
          </reporter-output>
        </test-method> <!-- testDeleteUserByName -->
      </class> <!-- api.test.UserTests2 -->
    </test> <!-- /Users/dmytrotsaruk/Documents/MevProjects/PetStoreAutomation -->
  </suite> <!-- All Test Suite -->
</testng-results>
