<?xml version="1.0" encoding="UTF-8"?>
<!-- Generated by org.testng.reporters.JUnitXMLReporter -->
<testsuite hostname="Dmytros-MacBook-Pro.local" ignored="0" name="/Users/dmytrotsaruk/Documents/MevProjects/PetStoreAutomation" tests="4" failures="0" timestamp="2022-11-29T12:43:26 EET" time="40.509" errors="0">
  <testcase name="testPostUser" time="14.135" classname="api.test.UserTests2"/>
  <testcase name="testGetUserByName" time="6.279" classname="api.test.UserTests2"/>
  <testcase name="testUpdateUserByName" time="7.477" classname="api.test.UserTests2"/>
  <testcase name="testDeleteUserByName" time="6.033" classname="api.test.UserTests2"/>
</testsuite> <!-- /Users/dmytrotsaruk/Documents/MevProjects/PetStoreAutomation -->
